<?xml version="1.0" encoding="UTF-8"?>
<!-- Generated by org.testng.reporters.JUnitXMLReporter -->
<testsuite hostname="RakeshPC" name="Default test" tests="3" failures="0" timestamp="26 Jan 2018 13:41:44 GMT" time="8.356" errors="0">
  <testcase name="TestResponseContent" time="6.417" classname="com.M61.NewTest"/>
  <testcase name="TestResponseHeader" time="0.948" classname="com.M61.NewTest"/>
  <testcase name="TestUsers" time="0.951" classname="com.M61.NewTest"/>
</testsuite> <!-- Default test -->
