<?xml version="1.0" encoding="UTF-8"?>
<testng-results skipped="0" failed="0" total="1" passed="1">
  <reporter-output>
  </reporter-output>
  <suite name="FlightTest" duration-ms="36195" started-at="2018-01-23T18:11:17Z" finished-at="2018-01-23T18:11:53Z">
    <groups>
    </groups>
    <test name="Test" duration-ms="36195" started-at="2018-01-23T18:11:17Z" finished-at="2018-01-23T18:11:53Z">
      <class name="com.M51.NewTest">
        <test-method status="PASS" signature="beforeTest()[pri:0, instance:com.M51.NewTest@47c62251]" name="beforeTest" is-config="true" duration-ms="16" started-at="2018-01-23T23:41:17Z" finished-at="2018-01-23T23:41:17Z">
          <reporter-output>
          </reporter-output>
        </test-method> <!-- beforeTest -->
        <test-method status="PASS" signature="Flight()[pri:0, instance:com.M51.NewTest@47c62251]" name="Flight" duration-ms="34840" started-at="2018-01-23T23:41:17Z" finished-at="2018-01-23T23:41:52Z">
          <reporter-output>
          </reporter-output>
        </test-method> <!-- Flight -->
        <test-method status="PASS" signature="afterTest()[pri:0, instance:com.M51.NewTest@47c62251]" name="afterTest" is-config="true" duration-ms="1308" started-at="2018-01-23T23:41:52Z" finished-at="2018-01-23T23:41:53Z">
          <reporter-output>
          </reporter-output>
        </test-method> <!-- afterTest -->
      </class> <!-- com.M51.NewTest -->
    </test> <!-- Test -->
  </suite> <!-- FlightTest -->
</testng-results>
