<?xml version="1.0" encoding="UTF-8"?>
<testng-results skipped="0" failed="0" total="3" passed="3">
  <reporter-output>
  </reporter-output>
  <suite name="FlightTest" duration-ms="8023" started-at="2018-01-26T13:43:01Z" finished-at="2018-01-26T13:43:09Z">
    <groups>
    </groups>
    <test name="Test" duration-ms="8023" started-at="2018-01-26T13:43:01Z" finished-at="2018-01-26T13:43:09Z">
      <class name="com.M61.NewTest">
        <test-method status="PASS" signature="TestResponseContent()[pri:0, instance:com.M61.NewTest@3532ec19]" name="TestResponseContent" duration-ms="6105" started-at="2018-01-26T19:13:01Z" finished-at="2018-01-26T19:13:07Z">
          <reporter-output>
          </reporter-output>
        </test-method> <!-- TestResponseContent -->
        <test-method status="PASS" signature="TestResponseHeader()[pri:0, instance:com.M61.NewTest@3532ec19]" name="TestResponseHeader" duration-ms="969" started-at="2018-01-26T19:13:07Z" finished-at="2018-01-26T19:13:08Z">
          <reporter-output>
          </reporter-output>
        </test-method> <!-- TestResponseHeader -->
        <test-method status="PASS" signature="TestUsers()[pri:0, instance:com.M61.NewTest@3532ec19]" name="TestUsers" duration-ms="909" started-at="2018-01-26T19:13:08Z" finished-at="2018-01-26T19:13:09Z">
          <reporter-output>
          </reporter-output>
        </test-method> <!-- TestUsers -->
      </class> <!-- com.M61.NewTest -->
    </test> <!-- Test -->
  </suite> <!-- FlightTest -->
</testng-results>
